2023-01-02 12:09:46,106:INFO:PyCaret Supervised Module
2023-01-02 12:09:46,114:INFO:ML Usecase: regression
2023-01-02 12:09:46,118:INFO:version 2.3.10
2023-01-02 12:09:46,119:INFO:Initializing setup()
2023-01-02 12:09:46,121:INFO:setup(target=quality, ml_usecase=regression, available_plots={'parameter': 'Hyperparameters', 'residuals': 'Residuals', 'error': 'Prediction Error', 'cooks': 'Cooks Distance', 'rfe': 'Feature Selection', 'learning': 'Learning Curve', 'manifold': 'Manifold Learning', 'vc': 'Validation Curve', 'feature': 'Feature Importance', 'feature_all': 'Feature Importance (All)', 'tree': 'Decision Tree', 'residuals_interactive': 'Interactive Residuals'}, train_size=0.7, test_data=None, preprocess=True, imputation_type=simple, iterative_imputation_iters=5, categorical_features=None, categorical_imputation=constant, categorical_iterative_imputer=lightgbm, ordinal_features=None, high_cardinality_features=None, high_cardinality_method=frequency, numeric_features=None, numeric_imputation=mean, numeric_iterative_imputer=lightgbm, date_features=None, ignore_features=None, normalize=False, normalize_method=zscore, transformation=False, transformation_method=yeo-johnson, handle_unknown_categorical=True, unknown_categorical_method=least_frequent, pca=False, pca_method=linear, pca_components=None, ignore_low_variance=False, combine_rare_levels=False, rare_level_threshold=0.1, bin_numeric_features=None, remove_outliers=False, outliers_threshold=0.05, remove_multicollinearity=False, multicollinearity_threshold=0.9, remove_perfect_collinearity=True, create_clusters=False, cluster_iter=20, polynomial_features=False, polynomial_degree=2, trigonometry_features=False, polynomial_threshold=0.1, group_features=None, group_names=None, feature_selection=False, feature_selection_threshold=0.8, feature_selection_method=classic, feature_interaction=False, feature_ratio=False, interaction_threshold=0.01, fix_imbalance=False, fix_imbalance_method=None, transform_target=False, transform_target_method=box-cox, data_split_shuffle=True, data_split_stratify=False, fold_strategy=kfold, fold=10, fold_shuffle=False, fold_groups=None, n_jobs=-1, use_gpu=False, custom_pipeline=None, html=True, session_id=None, log_experiment=False, experiment_name=None, experiment_custom_tags=None, log_plots=False, log_profile=False, log_data=False, silent=True, verbose=True, profile=False, profile_kwargs=None, display=None)
2023-01-02 12:09:46,143:INFO:Checking environment
2023-01-02 12:09:46,158:INFO:python_version: 3.8.10
2023-01-02 12:09:46,159:INFO:python_build: ('tags/v3.8.10:3d8993a', 'May  3 2021 11:48:03')
2023-01-02 12:09:46,160:INFO:machine: AMD64
2023-01-02 12:09:46,538:INFO:platform: Windows-10-10.0.19044-SP0
2023-01-02 12:09:46,563:INFO:Memory: svmem(total=4170104832, available=1109889024, percent=73.4, used=3060215808, free=1109889024)
2023-01-02 12:09:46,564:INFO:Physical Core: 4
2023-01-02 12:09:46,565:INFO:Logical Core: 4
2023-01-02 12:09:46,566:INFO:Checking libraries
2023-01-02 12:09:46,567:INFO:pd==1.5.2
2023-01-02 12:09:46,568:INFO:numpy==1.20.3
2023-01-02 12:09:46,569:INFO:sklearn==0.23.2
2023-01-02 12:09:46,570:INFO:lightgbm==3.3.3
2023-01-02 12:09:46,574:WARNING:catboost not found
2023-01-02 12:09:46,579:WARNING:xgboost not found
2023-01-02 12:09:46,580:INFO:mlflow==2.1.1
2023-01-02 12:09:46,581:INFO:Checking Exceptions
2023-01-02 12:09:46,582:INFO:Declaring global variables
2023-01-02 12:09:46,583:INFO:USI: 9646
2023-01-02 12:09:46,585:INFO:pycaret_globals: {'fix_imbalance_method_param', '_internal_pipeline', 'y', 'fold_param', 'exp_name_log', 'fold_generator', '_all_metrics', 'imputation_classifier', 'display_container', 'USI', 'transform_target_param', '_all_models', 'experiment__', 'y_test', '_all_models_internal', 'target_param', 'stratify_param', 'html_param', 'iterative_imputation_iters_param', 'create_model_container', 'data_before_preprocess', 'n_jobs_param', 'imputation_regressor', 'fix_imbalance_param', 'transform_target_method_param', 'logging_param', 'X', 'gpu_param', 'X_test', '_ml_usecase', 'dashboard_logger', '_available_plots', 'master_model_container', 'fold_groups_param', 'prep_pipe', '_gpu_n_jobs_param', 'fold_groups_param_full', 'fold_shuffle_param', 'X_train', 'y_train', 'seed', 'pycaret_globals', 'log_plots_param'}
2023-01-02 12:09:46,588:INFO:Preparing display monitor
2023-01-02 12:09:46,589:INFO:Preparing display monitor
2023-01-02 12:09:46,705:INFO:Importing libraries
2023-01-02 12:09:46,706:INFO:Copying data for preprocessing
2023-01-02 12:09:46,781:INFO:Declaring preprocessing parameters
2023-01-02 12:09:46,785:INFO:Creating preprocessing pipeline
2023-01-02 12:09:46,810:INFO:Preprocessing pipeline created successfully
2023-01-02 12:09:46,810:ERROR:(Process Exit): setup has been interupted with user command 'quit'. setup must rerun.
2023-01-02 12:09:46,810:INFO:Creating global containers
2023-01-02 12:09:46,842:INFO:Internal pipeline: Pipeline(memory=None, steps=[('empty_step', 'passthrough')], verbose=False)
2023-01-02 12:09:48,494:WARNING:Couldn't import xgboost.XGBRegressor
2023-01-02 12:09:48,500:WARNING:Couldn't import catboost.CatBoostRegressor
2023-01-02 12:09:49,458:WARNING:Couldn't import xgboost.XGBRegressor
2023-01-02 12:09:49,465:WARNING:Couldn't import catboost.CatBoostRegressor
2023-01-02 12:09:49,467:INFO:Creating grid variables
2023-01-02 12:09:49,479:INFO:create_model_container: 0
2023-01-02 12:09:49,479:INFO:master_model_container: 0
2023-01-02 12:09:49,480:INFO:display_container: 1
2023-01-02 12:09:49,498:INFO:Pipeline(memory=None,
         steps=[('dtypes',
                 DataTypes_Auto_infer(categorical_features=[],
                                      display_types=False, features_todrop=[],
                                      id_columns=[], ml_usecase='regression',
                                      numerical_features=[], target='quality',
                                      time_features=[])),
                ('imputer',
                 Simple_Imputer(categorical_strategy='not_available',
                                fill_value_categorical=None,
                                fill_value_numerical=None,
                                numeric_strateg...
                ('scaling', 'passthrough'), ('P_transform', 'passthrough'),
                ('binn', 'passthrough'), ('rem_outliers', 'passthrough'),
                ('cluster_all', 'passthrough'),
                ('dummy', Dummify(target='quality')),
                ('fix_perfect', Remove_100(target='quality')),
                ('clean_names', Clean_Colum_Names()),
                ('feature_select', 'passthrough'), ('fix_multi', 'passthrough'),
                ('dfs', 'passthrough'), ('pca', 'passthrough')],
         verbose=False)
2023-01-02 12:09:49,504:INFO:setup() succesfully completed......................................
2023-01-02 12:09:49,981:INFO:Initializing compare_models()
2023-01-02 12:09:49,985:INFO:compare_models(include=None, fold=None, round=4, cross_validation=True, sort=R2, n_select=1, budget_time=None, turbo=True, errors=ignore, fit_kwargs=None, groups=None, experiment_custom_tags=None, probability_threshold=None, verbose=True, display=None, exclude=None)
2023-01-02 12:09:49,989:INFO:Checking exceptions
2023-01-02 12:09:49,994:INFO:Preparing display monitor
2023-01-02 12:09:49,997:INFO:Preparing display monitor
2023-01-02 12:09:50,060:INFO:Initializing Linear Regression
2023-01-02 12:09:50,062:INFO:Total runtime is 3.331104914347331e-05 minutes
2023-01-02 12:09:50,081:INFO:SubProcess create_model() called ==================================
2023-01-02 12:09:50,083:INFO:Initializing create_model()
2023-01-02 12:09:50,084:INFO:create_model(estimator=lr, fold=KFold(n_splits=10, random_state=None, shuffle=False), round=4, cross_validation=True, predict=True, fit_kwargs={}, groups=None, refit=False, verbose=False, system=False, metrics=None, experiment_custom_tags=None, add_to_model_list=True, probability_threshold=None, display=<pycaret.internal.Display.Display object at 0x000002073640F2B0>, return_train_score=False, kwargs={})
2023-01-02 12:09:50,088:INFO:Checking exceptions
2023-01-02 12:09:50,089:INFO:Importing libraries
2023-01-02 12:09:50,092:INFO:Copying training dataset
2023-01-02 12:09:50,094:INFO:Defining folds
2023-01-02 12:09:50,095:INFO:Declaring metric variables
2023-01-02 12:09:50,111:INFO:Importing untrained model
2023-01-02 12:09:50,127:INFO:Linear Regression Imported succesfully
2023-01-02 12:09:50,160:INFO:Starting cross validation
2023-01-02 12:09:50,277:INFO:Cross validating with KFold(n_splits=10, random_state=None, shuffle=False), n_jobs=-1
2023-01-02 12:10:27,361:INFO:Calculating mean and std
2023-01-02 12:10:27,364:INFO:Creating metrics dataframe
2023-01-02 12:10:27,384:INFO:Uploading results into container
2023-01-02 12:10:27,385:INFO:Uploading model into container now
2023-01-02 12:10:27,386:INFO:create_model_container: 1
2023-01-02 12:10:27,387:INFO:master_model_container: 1
2023-01-02 12:10:27,393:INFO:display_container: 2
2023-01-02 12:10:27,395:INFO:LinearRegression(copy_X=True, fit_intercept=True, n_jobs=-1, normalize=False)
2023-01-02 12:10:27,396:INFO:create_model() succesfully completed......................................
2023-01-02 12:10:27,631:INFO:SubProcess create_model() end ==================================
2023-01-02 12:10:27,632:INFO:Creating metrics dataframe
2023-01-02 12:10:27,661:INFO:Initializing Lasso Regression
2023-01-02 12:10:27,663:INFO:Total runtime is 0.6267172336578369 minutes
2023-01-02 12:10:27,681:INFO:SubProcess create_model() called ==================================
2023-01-02 12:10:27,683:INFO:Initializing create_model()
2023-01-02 12:10:27,684:INFO:create_model(estimator=lasso, fold=KFold(n_splits=10, random_state=None, shuffle=False), round=4, cross_validation=True, predict=True, fit_kwargs={}, groups=None, refit=False, verbose=False, system=False, metrics=None, experiment_custom_tags=None, add_to_model_list=True, probability_threshold=None, display=<pycaret.internal.Display.Display object at 0x000002073640F2B0>, return_train_score=False, kwargs={})
2023-01-02 12:10:27,686:INFO:Checking exceptions
2023-01-02 12:10:27,691:INFO:Importing libraries
2023-01-02 12:10:27,694:INFO:Copying training dataset
2023-01-02 12:10:27,697:INFO:Defining folds
2023-01-02 12:10:27,698:INFO:Declaring metric variables
2023-01-02 12:10:27,718:INFO:Importing untrained model
2023-01-02 12:10:27,737:INFO:Lasso Regression Imported succesfully
2023-01-02 12:10:27,779:INFO:Starting cross validation
2023-01-02 12:10:27,783:INFO:Cross validating with KFold(n_splits=10, random_state=None, shuffle=False), n_jobs=-1
2023-01-02 12:10:28,157:INFO:Calculating mean and std
2023-01-02 12:10:28,164:INFO:Creating metrics dataframe
2023-01-02 12:10:28,183:INFO:Uploading results into container
2023-01-02 12:10:28,184:INFO:Uploading model into container now
2023-01-02 12:10:28,185:INFO:create_model_container: 2
2023-01-02 12:10:28,186:INFO:master_model_container: 2
2023-01-02 12:10:28,187:INFO:display_container: 2
2023-01-02 12:10:28,192:INFO:Lasso(alpha=1.0, copy_X=True, fit_intercept=True, max_iter=1000,
      normalize=False, positive=False, precompute=False, random_state=1081,
      selection='cyclic', tol=0.0001, warm_start=False)
2023-01-02 12:10:28,194:INFO:create_model() succesfully completed......................................
2023-01-02 12:10:28,441:INFO:SubProcess create_model() end ==================================
2023-01-02 12:10:28,442:INFO:Creating metrics dataframe
2023-01-02 12:10:28,470:INFO:Initializing Ridge Regression
2023-01-02 12:10:28,471:INFO:Total runtime is 0.6401795585950216 minutes
2023-01-02 12:10:28,494:INFO:SubProcess create_model() called ==================================
2023-01-02 12:10:28,496:INFO:Initializing create_model()
2023-01-02 12:10:28,497:INFO:create_model(estimator=ridge, fold=KFold(n_splits=10, random_state=None, shuffle=False), round=4, cross_validation=True, predict=True, fit_kwargs={}, groups=None, refit=False, verbose=False, system=False, metrics=None, experiment_custom_tags=None, add_to_model_list=True, probability_threshold=None, display=<pycaret.internal.Display.Display object at 0x000002073640F2B0>, return_train_score=False, kwargs={})
2023-01-02 12:10:28,499:INFO:Checking exceptions
2023-01-02 12:10:28,500:INFO:Importing libraries
2023-01-02 12:10:28,501:INFO:Copying training dataset
2023-01-02 12:10:28,504:INFO:Defining folds
2023-01-02 12:10:28,508:INFO:Declaring metric variables
2023-01-02 12:10:28,528:INFO:Importing untrained model
2023-01-02 12:10:28,548:INFO:Ridge Regression Imported succesfully
2023-01-02 12:10:28,587:INFO:Starting cross validation
2023-01-02 12:10:28,591:INFO:Cross validating with KFold(n_splits=10, random_state=None, shuffle=False), n_jobs=-1
2023-01-02 12:10:29,170:INFO:Calculating mean and std
2023-01-02 12:10:29,174:INFO:Creating metrics dataframe
2023-01-02 12:10:29,193:INFO:Uploading results into container
2023-01-02 12:10:29,195:INFO:Uploading model into container now
2023-01-02 12:10:29,196:INFO:create_model_container: 3
2023-01-02 12:10:29,197:INFO:master_model_container: 3
2023-01-02 12:10:29,199:INFO:display_container: 2
2023-01-02 12:10:29,200:INFO:Ridge(alpha=1.0, copy_X=True, fit_intercept=True, max_iter=None,
      normalize=False, random_state=1081, solver='auto', tol=0.001)
2023-01-02 12:10:29,202:INFO:create_model() succesfully completed......................................
2023-01-02 12:10:29,446:INFO:SubProcess create_model() end ==================================
2023-01-02 12:10:29,453:INFO:Creating metrics dataframe
2023-01-02 12:10:29,484:INFO:Initializing Elastic Net
2023-01-02 12:10:29,485:INFO:Total runtime is 0.6570846796035767 minutes
2023-01-02 12:10:29,503:INFO:SubProcess create_model() called ==================================
2023-01-02 12:10:29,507:INFO:Initializing create_model()
2023-01-02 12:10:29,508:INFO:create_model(estimator=en, fold=KFold(n_splits=10, random_state=None, shuffle=False), round=4, cross_validation=True, predict=True, fit_kwargs={}, groups=None, refit=False, verbose=False, system=False, metrics=None, experiment_custom_tags=None, add_to_model_list=True, probability_threshold=None, display=<pycaret.internal.Display.Display object at 0x000002073640F2B0>, return_train_score=False, kwargs={})
2023-01-02 12:10:29,510:INFO:Checking exceptions
2023-01-02 12:10:29,511:INFO:Importing libraries
2023-01-02 12:10:29,513:INFO:Copying training dataset
2023-01-02 12:10:29,515:INFO:Defining folds
2023-01-02 12:10:29,516:INFO:Declaring metric variables
2023-01-02 12:10:29,537:INFO:Importing untrained model
2023-01-02 12:10:29,563:INFO:Elastic Net Imported succesfully
2023-01-02 12:10:29,601:INFO:Starting cross validation
2023-01-02 12:10:29,604:INFO:Cross validating with KFold(n_splits=10, random_state=None, shuffle=False), n_jobs=-1
2023-01-02 12:10:29,806:INFO:Calculating mean and std
2023-01-02 12:10:29,812:INFO:Creating metrics dataframe
2023-01-02 12:10:29,829:INFO:Uploading results into container
2023-01-02 12:10:29,830:INFO:Uploading model into container now
2023-01-02 12:10:29,831:INFO:create_model_container: 4
2023-01-02 12:10:29,833:INFO:master_model_container: 4
2023-01-02 12:10:29,833:INFO:display_container: 2
2023-01-02 12:10:29,836:INFO:ElasticNet(alpha=1.0, copy_X=True, fit_intercept=True, l1_ratio=0.5,
           max_iter=1000, normalize=False, positive=False, precompute=False,
           random_state=1081, selection='cyclic', tol=0.0001, warm_start=False)
2023-01-02 12:10:29,841:INFO:create_model() succesfully completed......................................
2023-01-02 12:10:30,071:INFO:SubProcess create_model() end ==================================
2023-01-02 12:10:30,087:INFO:Creating metrics dataframe
2023-01-02 12:10:30,118:INFO:Initializing Least Angle Regression
2023-01-02 12:10:30,121:INFO:Total runtime is 0.6676570296287537 minutes
2023-01-02 12:10:30,143:INFO:SubProcess create_model() called ==================================
2023-01-02 12:10:30,145:INFO:Initializing create_model()
2023-01-02 12:10:30,147:INFO:create_model(estimator=lar, fold=KFold(n_splits=10, random_state=None, shuffle=False), round=4, cross_validation=True, predict=True, fit_kwargs={}, groups=None, refit=False, verbose=False, system=False, metrics=None, experiment_custom_tags=None, add_to_model_list=True, probability_threshold=None, display=<pycaret.internal.Display.Display object at 0x000002073640F2B0>, return_train_score=False, kwargs={})
2023-01-02 12:10:30,149:INFO:Checking exceptions
2023-01-02 12:10:30,150:INFO:Importing libraries
2023-01-02 12:10:30,152:INFO:Copying training dataset
2023-01-02 12:10:30,154:INFO:Defining folds
2023-01-02 12:10:30,156:INFO:Declaring metric variables
2023-01-02 12:10:30,175:INFO:Importing untrained model
2023-01-02 12:10:30,200:INFO:Least Angle Regression Imported succesfully
2023-01-02 12:10:30,237:INFO:Starting cross validation
2023-01-02 12:10:30,241:INFO:Cross validating with KFold(n_splits=10, random_state=None, shuffle=False), n_jobs=-1
2023-01-02 12:10:30,663:INFO:Calculating mean and std
2023-01-02 12:10:30,666:INFO:Creating metrics dataframe
2023-01-02 12:10:30,685:INFO:Uploading results into container
2023-01-02 12:10:30,686:INFO:Uploading model into container now
2023-01-02 12:10:30,689:INFO:create_model_container: 5
2023-01-02 12:10:30,691:INFO:master_model_container: 5
2023-01-02 12:10:30,692:INFO:display_container: 2
2023-01-02 12:10:30,696:INFO:Lars(copy_X=True, eps=2.220446049250313e-16, fit_intercept=True, fit_path=True,
     jitter=None, n_nonzero_coefs=500, normalize=True, precompute='auto',
     random_state=1081, verbose=False)
2023-01-02 12:10:30,698:INFO:create_model() succesfully completed......................................
2023-01-02 12:10:30,946:INFO:SubProcess create_model() end ==================================
2023-01-02 12:10:30,947:INFO:Creating metrics dataframe
2023-01-02 12:10:30,982:INFO:Initializing Lasso Least Angle Regression
2023-01-02 12:10:30,983:INFO:Total runtime is 0.6820314367612204 minutes
2023-01-02 12:10:31,003:INFO:SubProcess create_model() called ==================================
2023-01-02 12:10:31,007:INFO:Initializing create_model()
2023-01-02 12:10:31,008:INFO:create_model(estimator=llar, fold=KFold(n_splits=10, random_state=None, shuffle=False), round=4, cross_validation=True, predict=True, fit_kwargs={}, groups=None, refit=False, verbose=False, system=False, metrics=None, experiment_custom_tags=None, add_to_model_list=True, probability_threshold=None, display=<pycaret.internal.Display.Display object at 0x000002073640F2B0>, return_train_score=False, kwargs={})
2023-01-02 12:10:31,011:INFO:Checking exceptions
2023-01-02 12:10:31,012:INFO:Importing libraries
2023-01-02 12:10:31,014:INFO:Copying training dataset
2023-01-02 12:10:31,016:INFO:Defining folds
2023-01-02 12:10:31,018:INFO:Declaring metric variables
2023-01-02 12:10:31,043:INFO:Importing untrained model
2023-01-02 12:10:31,064:INFO:Lasso Least Angle Regression Imported succesfully
2023-01-02 12:10:31,110:INFO:Starting cross validation
2023-01-02 12:10:31,112:INFO:Cross validating with KFold(n_splits=10, random_state=None, shuffle=False), n_jobs=-1
2023-01-02 12:10:31,311:INFO:Calculating mean and std
2023-01-02 12:10:31,314:INFO:Creating metrics dataframe
2023-01-02 12:10:31,333:INFO:Uploading results into container
2023-01-02 12:10:31,334:INFO:Uploading model into container now
2023-01-02 12:10:31,334:INFO:create_model_container: 6
2023-01-02 12:10:31,336:INFO:master_model_container: 6
2023-01-02 12:10:31,337:INFO:display_container: 2
2023-01-02 12:10:31,343:INFO:LassoLars(alpha=1.0, copy_X=True, eps=2.220446049250313e-16, fit_intercept=True,
          fit_path=True, jitter=None, max_iter=500, normalize=True,
          positive=False, precompute='auto', random_state=1081, verbose=False)
2023-01-02 12:10:31,344:INFO:create_model() succesfully completed......................................
2023-01-02 12:10:31,596:INFO:SubProcess create_model() end ==================================
2023-01-02 12:10:31,598:INFO:Creating metrics dataframe
2023-01-02 12:10:31,630:INFO:Initializing Orthogonal Matching Pursuit
2023-01-02 12:10:31,631:INFO:Total runtime is 0.6928432822227478 minutes
2023-01-02 12:10:31,651:INFO:SubProcess create_model() called ==================================
2023-01-02 12:10:31,653:INFO:Initializing create_model()
2023-01-02 12:10:31,654:INFO:create_model(estimator=omp, fold=KFold(n_splits=10, random_state=None, shuffle=False), round=4, cross_validation=True, predict=True, fit_kwargs={}, groups=None, refit=False, verbose=False, system=False, metrics=None, experiment_custom_tags=None, add_to_model_list=True, probability_threshold=None, display=<pycaret.internal.Display.Display object at 0x000002073640F2B0>, return_train_score=False, kwargs={})
2023-01-02 12:10:31,661:INFO:Checking exceptions
2023-01-02 12:10:31,664:INFO:Importing libraries
2023-01-02 12:10:31,667:INFO:Copying training dataset
2023-01-02 12:10:31,669:INFO:Defining folds
2023-01-02 12:10:31,670:INFO:Declaring metric variables
2023-01-02 12:10:31,697:INFO:Importing untrained model
2023-01-02 12:10:31,719:INFO:Orthogonal Matching Pursuit Imported succesfully
2023-01-02 12:10:31,781:INFO:Starting cross validation
2023-01-02 12:10:31,784:INFO:Cross validating with KFold(n_splits=10, random_state=None, shuffle=False), n_jobs=-1
2023-01-02 12:10:32,006:INFO:Calculating mean and std
2023-01-02 12:10:32,006:INFO:Creating metrics dataframe
2023-01-02 12:10:32,046:INFO:Uploading results into container
2023-01-02 12:10:32,053:INFO:Uploading model into container now
2023-01-02 12:10:32,060:INFO:create_model_container: 7
2023-01-02 12:10:32,065:INFO:master_model_container: 7
2023-01-02 12:10:32,067:INFO:display_container: 2
2023-01-02 12:10:32,071:INFO:OrthogonalMatchingPursuit(fit_intercept=True, n_nonzero_coefs=None,
                          normalize=True, precompute='auto', tol=None)
2023-01-02 12:10:32,078:INFO:create_model() succesfully completed......................................
2023-01-02 12:10:32,323:INFO:SubProcess create_model() end ==================================
2023-01-02 12:10:32,323:INFO:Creating metrics dataframe
2023-01-02 12:10:32,361:INFO:Initializing Bayesian Ridge
2023-01-02 12:10:32,363:INFO:Total runtime is 0.705047086874644 minutes
2023-01-02 12:10:32,384:INFO:SubProcess create_model() called ==================================
2023-01-02 12:10:32,386:INFO:Initializing create_model()
2023-01-02 12:10:32,387:INFO:create_model(estimator=br, fold=KFold(n_splits=10, random_state=None, shuffle=False), round=4, cross_validation=True, predict=True, fit_kwargs={}, groups=None, refit=False, verbose=False, system=False, metrics=None, experiment_custom_tags=None, add_to_model_list=True, probability_threshold=None, display=<pycaret.internal.Display.Display object at 0x000002073640F2B0>, return_train_score=False, kwargs={})
2023-01-02 12:10:32,391:INFO:Checking exceptions
2023-01-02 12:10:32,394:INFO:Importing libraries
2023-01-02 12:10:32,398:INFO:Copying training dataset
2023-01-02 12:10:32,401:INFO:Defining folds
2023-01-02 12:10:32,404:INFO:Declaring metric variables
2023-01-02 12:10:32,435:INFO:Importing untrained model
2023-01-02 12:10:32,458:INFO:Bayesian Ridge Imported succesfully
2023-01-02 12:10:32,498:INFO:Starting cross validation
2023-01-02 12:10:32,501:INFO:Cross validating with KFold(n_splits=10, random_state=None, shuffle=False), n_jobs=-1
2023-01-02 12:10:32,890:INFO:Calculating mean and std
2023-01-02 12:10:32,890:INFO:Creating metrics dataframe
2023-01-02 12:10:32,913:INFO:Uploading results into container
2023-01-02 12:10:32,914:INFO:Uploading model into container now
2023-01-02 12:10:32,915:INFO:create_model_container: 8
2023-01-02 12:10:32,917:INFO:master_model_container: 8
2023-01-02 12:10:32,918:INFO:display_container: 2
2023-01-02 12:10:32,921:INFO:BayesianRidge(alpha_1=1e-06, alpha_2=1e-06, alpha_init=None,
              compute_score=False, copy_X=True, fit_intercept=True,
              lambda_1=1e-06, lambda_2=1e-06, lambda_init=None, n_iter=300,
              normalize=False, tol=0.001, verbose=False)
2023-01-02 12:10:32,925:INFO:create_model() succesfully completed......................................
2023-01-02 12:10:33,174:INFO:SubProcess create_model() end ==================================
2023-01-02 12:10:33,175:INFO:Creating metrics dataframe
2023-01-02 12:10:33,202:INFO:Initializing Passive Aggressive Regressor
2023-01-02 12:10:33,203:INFO:Total runtime is 0.7190495649973552 minutes
2023-01-02 12:10:33,227:INFO:SubProcess create_model() called ==================================
2023-01-02 12:10:33,229:INFO:Initializing create_model()
2023-01-02 12:10:33,230:INFO:create_model(estimator=par, fold=KFold(n_splits=10, random_state=None, shuffle=False), round=4, cross_validation=True, predict=True, fit_kwargs={}, groups=None, refit=False, verbose=False, system=False, metrics=None, experiment_custom_tags=None, add_to_model_list=True, probability_threshold=None, display=<pycaret.internal.Display.Display object at 0x000002073640F2B0>, return_train_score=False, kwargs={})
2023-01-02 12:10:33,232:INFO:Checking exceptions
2023-01-02 12:10:33,234:INFO:Importing libraries
2023-01-02 12:10:33,235:INFO:Copying training dataset
2023-01-02 12:10:33,240:INFO:Defining folds
2023-01-02 12:10:33,241:INFO:Declaring metric variables
2023-01-02 12:10:33,264:INFO:Importing untrained model
2023-01-02 12:10:33,292:INFO:Passive Aggressive Regressor Imported succesfully
2023-01-02 12:10:33,327:INFO:Starting cross validation
2023-01-02 12:10:33,330:INFO:Cross validating with KFold(n_splits=10, random_state=None, shuffle=False), n_jobs=-1
2023-01-02 12:10:33,785:INFO:Calculating mean and std
2023-01-02 12:10:33,790:INFO:Creating metrics dataframe
2023-01-02 12:10:33,813:INFO:Uploading results into container
2023-01-02 12:10:33,814:INFO:Uploading model into container now
2023-01-02 12:10:33,815:INFO:create_model_container: 9
2023-01-02 12:10:33,816:INFO:master_model_container: 9
2023-01-02 12:10:33,817:INFO:display_container: 2
2023-01-02 12:10:33,819:INFO:PassiveAggressiveRegressor(C=1.0, average=False, early_stopping=False,
                           epsilon=0.1, fit_intercept=True,
                           loss='epsilon_insensitive', max_iter=1000,
                           n_iter_no_change=5, random_state=1081, shuffle=True,
                           tol=0.001, validation_fraction=0.1, verbose=0,
                           warm_start=False)
2023-01-02 12:10:33,825:INFO:create_model() succesfully completed......................................
2023-01-02 12:10:34,075:INFO:SubProcess create_model() end ==================================
2023-01-02 12:10:34,076:INFO:Creating metrics dataframe
2023-01-02 12:10:34,114:INFO:Initializing Huber Regressor
2023-01-02 12:10:34,115:INFO:Total runtime is 0.7342339475949605 minutes
2023-01-02 12:10:34,154:INFO:SubProcess create_model() called ==================================
2023-01-02 12:10:34,159:INFO:Initializing create_model()
2023-01-02 12:10:34,160:INFO:create_model(estimator=huber, fold=KFold(n_splits=10, random_state=None, shuffle=False), round=4, cross_validation=True, predict=True, fit_kwargs={}, groups=None, refit=False, verbose=False, system=False, metrics=None, experiment_custom_tags=None, add_to_model_list=True, probability_threshold=None, display=<pycaret.internal.Display.Display object at 0x000002073640F2B0>, return_train_score=False, kwargs={})
2023-01-02 12:10:34,162:INFO:Checking exceptions
2023-01-02 12:10:34,164:INFO:Importing libraries
2023-01-02 12:10:34,166:INFO:Copying training dataset
2023-01-02 12:10:34,168:INFO:Defining folds
2023-01-02 12:10:34,173:INFO:Declaring metric variables
2023-01-02 12:10:34,195:INFO:Importing untrained model
2023-01-02 12:10:34,219:INFO:Huber Regressor Imported succesfully
2023-01-02 12:10:34,257:INFO:Starting cross validation
2023-01-02 12:10:34,264:INFO:Cross validating with KFold(n_splits=10, random_state=None, shuffle=False), n_jobs=-1
2023-01-02 12:10:35,169:INFO:Calculating mean and std
2023-01-02 12:10:35,176:INFO:Creating metrics dataframe
2023-01-02 12:10:35,195:INFO:Uploading results into container
2023-01-02 12:10:35,196:INFO:Uploading model into container now
2023-01-02 12:10:35,197:INFO:create_model_container: 10
2023-01-02 12:10:35,198:INFO:master_model_container: 10
2023-01-02 12:10:35,200:INFO:display_container: 2
2023-01-02 12:10:35,202:INFO:HuberRegressor(alpha=0.0001, epsilon=1.35, fit_intercept=True, max_iter=100,
               tol=1e-05, warm_start=False)
2023-01-02 12:10:35,203:INFO:create_model() succesfully completed......................................
2023-01-02 12:10:35,439:INFO:SubProcess create_model() end ==================================
2023-01-02 12:10:35,439:INFO:Creating metrics dataframe
2023-01-02 12:10:35,478:INFO:Initializing K Neighbors Regressor
2023-01-02 12:10:35,479:INFO:Total runtime is 0.7569746057192485 minutes
2023-01-02 12:10:35,498:INFO:SubProcess create_model() called ==================================
2023-01-02 12:10:35,500:INFO:Initializing create_model()
2023-01-02 12:10:35,501:INFO:create_model(estimator=knn, fold=KFold(n_splits=10, random_state=None, shuffle=False), round=4, cross_validation=True, predict=True, fit_kwargs={}, groups=None, refit=False, verbose=False, system=False, metrics=None, experiment_custom_tags=None, add_to_model_list=True, probability_threshold=None, display=<pycaret.internal.Display.Display object at 0x000002073640F2B0>, return_train_score=False, kwargs={})
2023-01-02 12:10:35,503:INFO:Checking exceptions
2023-01-02 12:10:35,507:INFO:Importing libraries
2023-01-02 12:10:35,509:INFO:Copying training dataset
2023-01-02 12:10:35,511:INFO:Defining folds
2023-01-02 12:10:35,512:INFO:Declaring metric variables
2023-01-02 12:10:35,533:INFO:Importing untrained model
2023-01-02 12:10:35,552:INFO:K Neighbors Regressor Imported succesfully
2023-01-02 12:10:35,593:INFO:Starting cross validation
2023-01-02 12:10:35,598:INFO:Cross validating with KFold(n_splits=10, random_state=None, shuffle=False), n_jobs=-1
2023-01-02 12:10:35,923:INFO:Calculating mean and std
2023-01-02 12:10:35,932:INFO:Creating metrics dataframe
2023-01-02 12:10:35,951:INFO:Uploading results into container
2023-01-02 12:10:35,952:INFO:Uploading model into container now
2023-01-02 12:10:35,952:INFO:create_model_container: 11
2023-01-02 12:10:35,953:INFO:master_model_container: 11
2023-01-02 12:10:35,958:INFO:display_container: 2
2023-01-02 12:10:35,961:INFO:KNeighborsRegressor(algorithm='auto', leaf_size=30, metric='minkowski',
                    metric_params=None, n_jobs=-1, n_neighbors=5, p=2,
                    weights='uniform')
2023-01-02 12:10:35,963:INFO:create_model() succesfully completed......................................
2023-01-02 12:10:36,203:INFO:SubProcess create_model() end ==================================
2023-01-02 12:10:36,204:INFO:Creating metrics dataframe
2023-01-02 12:10:36,292:INFO:Initializing Decision Tree Regressor
2023-01-02 12:10:36,302:INFO:Total runtime is 0.7707056164741516 minutes
2023-01-02 12:10:36,367:INFO:SubProcess create_model() called ==================================
2023-01-02 12:10:36,401:INFO:Initializing create_model()
2023-01-02 12:10:36,402:INFO:create_model(estimator=dt, fold=KFold(n_splits=10, random_state=None, shuffle=False), round=4, cross_validation=True, predict=True, fit_kwargs={}, groups=None, refit=False, verbose=False, system=False, metrics=None, experiment_custom_tags=None, add_to_model_list=True, probability_threshold=None, display=<pycaret.internal.Display.Display object at 0x000002073640F2B0>, return_train_score=False, kwargs={})
2023-01-02 12:10:36,407:INFO:Checking exceptions
2023-01-02 12:10:36,408:INFO:Importing libraries
2023-01-02 12:10:36,410:INFO:Copying training dataset
2023-01-02 12:10:36,412:INFO:Defining folds
2023-01-02 12:10:36,416:INFO:Declaring metric variables
2023-01-02 12:10:36,437:INFO:Importing untrained model
2023-01-02 12:10:36,462:INFO:Decision Tree Regressor Imported succesfully
2023-01-02 12:10:36,506:INFO:Starting cross validation
2023-01-02 12:10:36,509:INFO:Cross validating with KFold(n_splits=10, random_state=None, shuffle=False), n_jobs=-1
2023-01-02 12:10:36,902:INFO:Calculating mean and std
2023-01-02 12:10:36,906:INFO:Creating metrics dataframe
2023-01-02 12:10:36,923:INFO:Uploading results into container
2023-01-02 12:10:36,925:INFO:Uploading model into container now
2023-01-02 12:10:36,927:INFO:create_model_container: 12
2023-01-02 12:10:36,928:INFO:master_model_container: 12
2023-01-02 12:10:36,929:INFO:display_container: 2
2023-01-02 12:10:36,932:INFO:DecisionTreeRegressor(ccp_alpha=0.0, criterion='mse', max_depth=None,
                      max_features=None, max_leaf_nodes=None,
                      min_impurity_decrease=0.0, min_impurity_split=None,
                      min_samples_leaf=1, min_samples_split=2,
                      min_weight_fraction_leaf=0.0, presort='deprecated',
                      random_state=1081, splitter='best')
2023-01-02 12:10:36,934:INFO:create_model() succesfully completed......................................
2023-01-02 12:10:37,180:INFO:SubProcess create_model() end ==================================
2023-01-02 12:10:37,182:INFO:Creating metrics dataframe
2023-01-02 12:10:37,210:INFO:Initializing Random Forest Regressor
2023-01-02 12:10:37,211:INFO:Total runtime is 0.7858509500821431 minutes
2023-01-02 12:10:37,228:INFO:SubProcess create_model() called ==================================
2023-01-02 12:10:37,231:INFO:Initializing create_model()
2023-01-02 12:10:37,232:INFO:create_model(estimator=rf, fold=KFold(n_splits=10, random_state=None, shuffle=False), round=4, cross_validation=True, predict=True, fit_kwargs={}, groups=None, refit=False, verbose=False, system=False, metrics=None, experiment_custom_tags=None, add_to_model_list=True, probability_threshold=None, display=<pycaret.internal.Display.Display object at 0x000002073640F2B0>, return_train_score=False, kwargs={})
2023-01-02 12:10:37,235:INFO:Checking exceptions
2023-01-02 12:10:37,236:INFO:Importing libraries
2023-01-02 12:10:37,239:INFO:Copying training dataset
2023-01-02 12:10:37,240:INFO:Defining folds
2023-01-02 12:10:37,241:INFO:Declaring metric variables
2023-01-02 12:10:37,267:INFO:Importing untrained model
2023-01-02 12:10:37,286:INFO:Random Forest Regressor Imported succesfully
2023-01-02 12:10:37,323:INFO:Starting cross validation
2023-01-02 12:10:37,326:INFO:Cross validating with KFold(n_splits=10, random_state=None, shuffle=False), n_jobs=-1
2023-01-02 12:10:42,006:INFO:Calculating mean and std
2023-01-02 12:10:42,009:INFO:Creating metrics dataframe
2023-01-02 12:10:42,027:INFO:Uploading results into container
2023-01-02 12:10:42,028:INFO:Uploading model into container now
2023-01-02 12:10:42,029:INFO:create_model_container: 13
2023-01-02 12:10:42,030:INFO:master_model_container: 13
2023-01-02 12:10:42,032:INFO:display_container: 2
2023-01-02 12:10:42,034:INFO:RandomForestRegressor(bootstrap=True, ccp_alpha=0.0, criterion='mse',
                      max_depth=None, max_features='auto', max_leaf_nodes=None,
                      max_samples=None, min_impurity_decrease=0.0,
                      min_impurity_split=None, min_samples_leaf=1,
                      min_samples_split=2, min_weight_fraction_leaf=0.0,
                      n_estimators=100, n_jobs=-1, oob_score=False,
                      random_state=1081, verbose=0, warm_start=False)
2023-01-02 12:10:42,038:INFO:create_model() succesfully completed......................................
2023-01-02 12:10:42,273:INFO:SubProcess create_model() end ==================================
2023-01-02 12:10:42,273:INFO:Creating metrics dataframe
2023-01-02 12:10:42,310:INFO:Initializing Extra Trees Regressor
2023-01-02 12:10:42,311:INFO:Total runtime is 0.8708462675412496 minutes
2023-01-02 12:10:42,328:INFO:SubProcess create_model() called ==================================
2023-01-02 12:10:42,331:INFO:Initializing create_model()
2023-01-02 12:10:42,332:INFO:create_model(estimator=et, fold=KFold(n_splits=10, random_state=None, shuffle=False), round=4, cross_validation=True, predict=True, fit_kwargs={}, groups=None, refit=False, verbose=False, system=False, metrics=None, experiment_custom_tags=None, add_to_model_list=True, probability_threshold=None, display=<pycaret.internal.Display.Display object at 0x000002073640F2B0>, return_train_score=False, kwargs={})
2023-01-02 12:10:42,334:INFO:Checking exceptions
2023-01-02 12:10:42,336:INFO:Importing libraries
2023-01-02 12:10:42,342:INFO:Copying training dataset
2023-01-02 12:10:42,344:INFO:Defining folds
2023-01-02 12:10:42,346:INFO:Declaring metric variables
2023-01-02 12:10:42,372:INFO:Importing untrained model
2023-01-02 12:10:42,392:INFO:Extra Trees Regressor Imported succesfully
2023-01-02 12:10:42,431:INFO:Starting cross validation
2023-01-02 12:10:42,434:INFO:Cross validating with KFold(n_splits=10, random_state=None, shuffle=False), n_jobs=-1
2023-01-02 12:10:45,714:INFO:Calculating mean and std
2023-01-02 12:10:45,717:INFO:Creating metrics dataframe
2023-01-02 12:10:45,734:INFO:Uploading results into container
2023-01-02 12:10:45,735:INFO:Uploading model into container now
2023-01-02 12:10:45,736:INFO:create_model_container: 14
2023-01-02 12:10:45,739:INFO:master_model_container: 14
2023-01-02 12:10:45,742:INFO:display_container: 2
2023-01-02 12:10:45,744:INFO:ExtraTreesRegressor(bootstrap=False, ccp_alpha=0.0, criterion='mse',
                    max_depth=None, max_features='auto', max_leaf_nodes=None,
                    max_samples=None, min_impurity_decrease=0.0,
                    min_impurity_split=None, min_samples_leaf=1,
                    min_samples_split=2, min_weight_fraction_leaf=0.0,
                    n_estimators=100, n_jobs=-1, oob_score=False,
                    random_state=1081, verbose=0, warm_start=False)
2023-01-02 12:10:45,747:INFO:create_model() succesfully completed......................................
2023-01-02 12:10:45,986:INFO:SubProcess create_model() end ==================================
2023-01-02 12:10:45,988:INFO:Creating metrics dataframe
2023-01-02 12:10:46,016:INFO:Initializing AdaBoost Regressor
2023-01-02 12:10:46,017:INFO:Total runtime is 0.932622504234314 minutes
2023-01-02 12:10:46,034:INFO:SubProcess create_model() called ==================================
2023-01-02 12:10:46,038:INFO:Initializing create_model()
2023-01-02 12:10:46,039:INFO:create_model(estimator=ada, fold=KFold(n_splits=10, random_state=None, shuffle=False), round=4, cross_validation=True, predict=True, fit_kwargs={}, groups=None, refit=False, verbose=False, system=False, metrics=None, experiment_custom_tags=None, add_to_model_list=True, probability_threshold=None, display=<pycaret.internal.Display.Display object at 0x000002073640F2B0>, return_train_score=False, kwargs={})
2023-01-02 12:10:46,043:INFO:Checking exceptions
2023-01-02 12:10:46,046:INFO:Importing libraries
2023-01-02 12:10:46,047:INFO:Copying training dataset
2023-01-02 12:10:46,049:INFO:Defining folds
2023-01-02 12:10:46,050:INFO:Declaring metric variables
2023-01-02 12:10:46,068:INFO:Importing untrained model
2023-01-02 12:10:46,089:INFO:AdaBoost Regressor Imported succesfully
2023-01-02 12:10:46,125:INFO:Starting cross validation
2023-01-02 12:10:46,128:INFO:Cross validating with KFold(n_splits=10, random_state=None, shuffle=False), n_jobs=-1
2023-01-02 12:10:47,564:INFO:Calculating mean and std
2023-01-02 12:10:47,564:INFO:Creating metrics dataframe
2023-01-02 12:10:47,599:INFO:Uploading results into container
2023-01-02 12:10:47,600:INFO:Uploading model into container now
2023-01-02 12:10:47,601:INFO:create_model_container: 15
2023-01-02 12:10:47,603:INFO:master_model_container: 15
2023-01-02 12:10:47,606:INFO:display_container: 2
2023-01-02 12:10:47,609:INFO:AdaBoostRegressor(base_estimator=None, learning_rate=1.0, loss='linear',
                  n_estimators=50, random_state=1081)
2023-01-02 12:10:47,623:INFO:create_model() succesfully completed......................................
2023-01-02 12:10:47,892:INFO:SubProcess create_model() end ==================================
2023-01-02 12:10:47,894:INFO:Creating metrics dataframe
2023-01-02 12:10:47,923:INFO:Initializing Gradient Boosting Regressor
2023-01-02 12:10:47,925:INFO:Total runtime is 0.9644120852152507 minutes
2023-01-02 12:10:47,947:INFO:SubProcess create_model() called ==================================
2023-01-02 12:10:47,949:INFO:Initializing create_model()
2023-01-02 12:10:47,950:INFO:create_model(estimator=gbr, fold=KFold(n_splits=10, random_state=None, shuffle=False), round=4, cross_validation=True, predict=True, fit_kwargs={}, groups=None, refit=False, verbose=False, system=False, metrics=None, experiment_custom_tags=None, add_to_model_list=True, probability_threshold=None, display=<pycaret.internal.Display.Display object at 0x000002073640F2B0>, return_train_score=False, kwargs={})
2023-01-02 12:10:47,952:INFO:Checking exceptions
2023-01-02 12:10:47,953:INFO:Importing libraries
2023-01-02 12:10:47,957:INFO:Copying training dataset
2023-01-02 12:10:47,960:INFO:Defining folds
2023-01-02 12:10:47,961:INFO:Declaring metric variables
2023-01-02 12:10:47,981:INFO:Importing untrained model
2023-01-02 12:10:48,002:INFO:Gradient Boosting Regressor Imported succesfully
2023-01-02 12:10:48,061:INFO:Starting cross validation
2023-01-02 12:10:48,065:INFO:Cross validating with KFold(n_splits=10, random_state=None, shuffle=False), n_jobs=-1
2023-01-02 12:10:49,855:INFO:Calculating mean and std
2023-01-02 12:10:49,859:INFO:Creating metrics dataframe
2023-01-02 12:10:49,881:INFO:Uploading results into container
2023-01-02 12:10:49,882:INFO:Uploading model into container now
2023-01-02 12:10:49,883:INFO:create_model_container: 16
2023-01-02 12:10:49,884:INFO:master_model_container: 16
2023-01-02 12:10:49,886:INFO:display_container: 2
2023-01-02 12:10:49,890:INFO:GradientBoostingRegressor(alpha=0.9, ccp_alpha=0.0, criterion='friedman_mse',
                          init=None, learning_rate=0.1, loss='ls', max_depth=3,
                          max_features=None, max_leaf_nodes=None,
                          min_impurity_decrease=0.0, min_impurity_split=None,
                          min_samples_leaf=1, min_samples_split=2,
                          min_weight_fraction_leaf=0.0, n_estimators=100,
                          n_iter_no_change=None, presort='deprecated',
                          random_state=1081, subsample=1.0, tol=0.0001,
                          validation_fraction=0.1, verbose=0, warm_start=False)
2023-01-02 12:10:49,894:INFO:create_model() succesfully completed......................................
2023-01-02 12:10:50,145:INFO:SubProcess create_model() end ==================================
2023-01-02 12:10:50,147:INFO:Creating metrics dataframe
2023-01-02 12:10:50,176:INFO:Initializing Light Gradient Boosting Machine
2023-01-02 12:10:50,178:INFO:Total runtime is 1.0019668142000835 minutes
2023-01-02 12:10:50,208:INFO:SubProcess create_model() called ==================================
2023-01-02 12:10:50,212:INFO:Initializing create_model()
2023-01-02 12:10:50,213:INFO:create_model(estimator=lightgbm, fold=KFold(n_splits=10, random_state=None, shuffle=False), round=4, cross_validation=True, predict=True, fit_kwargs={}, groups=None, refit=False, verbose=False, system=False, metrics=None, experiment_custom_tags=None, add_to_model_list=True, probability_threshold=None, display=<pycaret.internal.Display.Display object at 0x000002073640F2B0>, return_train_score=False, kwargs={})
2023-01-02 12:10:50,217:INFO:Checking exceptions
2023-01-02 12:10:50,218:INFO:Importing libraries
2023-01-02 12:10:50,219:INFO:Copying training dataset
2023-01-02 12:10:50,224:INFO:Defining folds
2023-01-02 12:10:50,225:INFO:Declaring metric variables
2023-01-02 12:10:50,264:INFO:Importing untrained model
2023-01-02 12:10:50,302:INFO:Light Gradient Boosting Machine Imported succesfully
2023-01-02 12:10:50,346:INFO:Starting cross validation
2023-01-02 12:10:50,348:INFO:Cross validating with KFold(n_splits=10, random_state=None, shuffle=False), n_jobs=-1
2023-01-02 12:10:53,651:INFO:Calculating mean and std
2023-01-02 12:10:53,655:INFO:Creating metrics dataframe
2023-01-02 12:10:53,682:INFO:Uploading results into container
2023-01-02 12:10:53,683:INFO:Uploading model into container now
2023-01-02 12:10:53,685:INFO:create_model_container: 17
2023-01-02 12:10:53,690:INFO:master_model_container: 17
2023-01-02 12:10:53,715:INFO:display_container: 2
2023-01-02 12:10:53,729:INFO:LGBMRegressor(boosting_type='gbdt', class_weight=None, colsample_bytree=1.0,
              importance_type='split', learning_rate=0.1, max_depth=-1,
              min_child_samples=20, min_child_weight=0.001, min_split_gain=0.0,
              n_estimators=100, n_jobs=-1, num_leaves=31, objective=None,
              random_state=1081, reg_alpha=0.0, reg_lambda=0.0, silent='warn',
              subsample=1.0, subsample_for_bin=200000, subsample_freq=0)
2023-01-02 12:10:53,735:INFO:create_model() succesfully completed......................................
2023-01-02 12:10:54,026:INFO:SubProcess create_model() end ==================================
2023-01-02 12:10:54,028:INFO:Creating metrics dataframe
2023-01-02 12:10:54,063:INFO:Initializing Dummy Regressor
2023-01-02 12:10:54,065:INFO:Total runtime is 1.0667423566182455 minutes
2023-01-02 12:10:54,091:INFO:SubProcess create_model() called ==================================
2023-01-02 12:10:54,098:INFO:Initializing create_model()
2023-01-02 12:10:54,102:INFO:create_model(estimator=dummy, fold=KFold(n_splits=10, random_state=None, shuffle=False), round=4, cross_validation=True, predict=True, fit_kwargs={}, groups=None, refit=False, verbose=False, system=False, metrics=None, experiment_custom_tags=None, add_to_model_list=True, probability_threshold=None, display=<pycaret.internal.Display.Display object at 0x000002073640F2B0>, return_train_score=False, kwargs={})
2023-01-02 12:10:54,107:INFO:Checking exceptions
2023-01-02 12:10:54,110:INFO:Importing libraries
2023-01-02 12:10:54,113:INFO:Copying training dataset
2023-01-02 12:10:54,116:INFO:Defining folds
2023-01-02 12:10:54,120:INFO:Declaring metric variables
2023-01-02 12:10:54,164:INFO:Importing untrained model
2023-01-02 12:10:54,208:INFO:Dummy Regressor Imported succesfully
2023-01-02 12:10:54,245:INFO:Starting cross validation
2023-01-02 12:10:54,248:INFO:Cross validating with KFold(n_splits=10, random_state=None, shuffle=False), n_jobs=-1
2023-01-02 12:10:54,449:INFO:Calculating mean and std
2023-01-02 12:10:54,453:INFO:Creating metrics dataframe
2023-01-02 12:10:54,470:INFO:Uploading results into container
2023-01-02 12:10:54,473:INFO:Uploading model into container now
2023-01-02 12:10:54,475:INFO:create_model_container: 18
2023-01-02 12:10:54,477:INFO:master_model_container: 18
2023-01-02 12:10:54,478:INFO:display_container: 2
2023-01-02 12:10:54,480:INFO:DummyRegressor(constant=None, quantile=None, strategy='mean')
2023-01-02 12:10:54,481:INFO:create_model() succesfully completed......................................
2023-01-02 12:10:54,717:INFO:SubProcess create_model() end ==================================
2023-01-02 12:10:54,717:INFO:Creating metrics dataframe
2023-01-02 12:10:54,792:INFO:Initializing create_model()
2023-01-02 12:10:54,794:INFO:create_model(estimator=ExtraTreesRegressor(bootstrap=False, ccp_alpha=0.0, criterion='mse',
                    max_depth=None, max_features='auto', max_leaf_nodes=None,
                    max_samples=None, min_impurity_decrease=0.0,
                    min_impurity_split=None, min_samples_leaf=1,
                    min_samples_split=2, min_weight_fraction_leaf=0.0,
                    n_estimators=100, n_jobs=-1, oob_score=False,
                    random_state=1081, verbose=0, warm_start=False), fold=KFold(n_splits=10, random_state=None, shuffle=False), round=4, cross_validation=False, predict=False, fit_kwargs={}, groups=None, refit=True, verbose=False, system=False, metrics=None, experiment_custom_tags=None, add_to_model_list=True, probability_threshold=None, display=None, return_train_score=False, kwargs={})
2023-01-02 12:10:54,799:INFO:Checking exceptions
2023-01-02 12:10:54,801:INFO:Importing libraries
2023-01-02 12:10:54,802:INFO:Copying training dataset
2023-01-02 12:10:54,805:INFO:Defining folds
2023-01-02 12:10:54,806:INFO:Declaring metric variables
2023-01-02 12:10:54,808:INFO:Importing untrained model
2023-01-02 12:10:54,809:INFO:Declaring custom model
2023-01-02 12:10:54,814:INFO:Extra Trees Regressor Imported succesfully
2023-01-02 12:10:54,816:INFO:Cross validation set to False
2023-01-02 12:10:54,817:INFO:Fitting Model
2023-01-02 12:10:55,467:INFO:ExtraTreesRegressor(bootstrap=False, ccp_alpha=0.0, criterion='mse',
                    max_depth=None, max_features='auto', max_leaf_nodes=None,
                    max_samples=None, min_impurity_decrease=0.0,
                    min_impurity_split=None, min_samples_leaf=1,
                    min_samples_split=2, min_weight_fraction_leaf=0.0,
                    n_estimators=100, n_jobs=-1, oob_score=False,
                    random_state=1081, verbose=0, warm_start=False)
2023-01-02 12:10:55,481:INFO:create_models() succesfully completed......................................
2023-01-02 12:10:55,781:INFO:create_model_container: 18
2023-01-02 12:10:55,783:INFO:master_model_container: 18
2023-01-02 12:10:55,784:INFO:display_container: 2
2023-01-02 12:10:55,788:INFO:ExtraTreesRegressor(bootstrap=False, ccp_alpha=0.0, criterion='mse',
                    max_depth=None, max_features='auto', max_leaf_nodes=None,
                    max_samples=None, min_impurity_decrease=0.0,
                    min_impurity_split=None, min_samples_leaf=1,
                    min_samples_split=2, min_weight_fraction_leaf=0.0,
                    n_estimators=100, n_jobs=-1, oob_score=False,
                    random_state=1081, verbose=0, warm_start=False)
2023-01-02 12:10:55,793:INFO:compare_models() succesfully completed......................................
2023-01-02 12:10:55,860:INFO:Initializing save_model()
2023-01-02 12:10:55,861:INFO:save_model(model=ExtraTreesRegressor(bootstrap=False, ccp_alpha=0.0, criterion='mse',
                    max_depth=None, max_features='auto', max_leaf_nodes=None,
                    max_samples=None, min_impurity_decrease=0.0,
                    min_impurity_split=None, min_samples_leaf=1,
                    min_samples_split=2, min_weight_fraction_leaf=0.0,
                    n_estimators=100, n_jobs=-1, oob_score=False,
                    random_state=1081, verbose=0, warm_start=False), model_name=best_model, prep_pipe_=Pipeline(memory=None,
         steps=[('dtypes',
                 DataTypes_Auto_infer(categorical_features=[],
                                      display_types=False, features_todrop=[],
                                      id_columns=[], ml_usecase='regression',
                                      numerical_features=[], target='quality',
                                      time_features=[])),
                ('imputer',
                 Simple_Imputer(categorical_strategy='not_available',
                                fill_value_categorical=None,
                                fill_value_numerical=None,
                                numeric_strateg...
                ('scaling', 'passthrough'), ('P_transform', 'passthrough'),
                ('binn', 'passthrough'), ('rem_outliers', 'passthrough'),
                ('cluster_all', 'passthrough'),
                ('dummy', Dummify(target='quality')),
                ('fix_perfect', Remove_100(target='quality')),
                ('clean_names', Clean_Colum_Names()),
                ('feature_select', 'passthrough'), ('fix_multi', 'passthrough'),
                ('dfs', 'passthrough'), ('pca', 'passthrough')],
         verbose=False), verbose=True, kwargs={})
2023-01-02 12:10:55,873:INFO:Adding model into prep_pipe
2023-01-02 12:10:56,123:INFO:best_model.pkl saved in current working directory
2023-01-02 12:10:56,163:INFO:Pipeline(memory=None,
         steps=[('dtypes',
                 DataTypes_Auto_infer(categorical_features=[],
                                      display_types=False, features_todrop=[],
                                      id_columns=[], ml_usecase='regression',
                                      numerical_features=[], target='quality',
                                      time_features=[])),
                ('imputer',
                 Simple_Imputer(categorical_strategy='not_available',
                                fill_value_categorical=None,
                                fill_value_numerical=None,
                                numeric_strateg...
                 ExtraTreesRegressor(bootstrap=False, ccp_alpha=0.0,
                                     criterion='mse', max_depth=None,
                                     max_features='auto', max_leaf_nodes=None,
                                     max_samples=None,
                                     min_impurity_decrease=0.0,
                                     min_impurity_split=None,
                                     min_samples_leaf=1, min_samples_split=2,
                                     min_weight_fraction_leaf=0.0,
                                     n_estimators=100, n_jobs=-1,
                                     oob_score=False, random_state=1081,
                                     verbose=0, warm_start=False)]],
         verbose=False)
2023-01-02 12:10:56,175:INFO:save_model() successfully completed......................................
